<?xml version="1.0" encoding="UTF-8"?>
<testng-results ignored="0" total="9" passed="9" failed="0" skipped="0">
  <reporter-output>
  </reporter-output>
  <suite started-at="2023-12-08T02:12:57 GMT" name="vendor-portal" finished-at="2023-12-08T02:13:36 GMT" duration-ms="39067">
    <groups>
    </groups>
    <test started-at="2023-12-08T02:12:57 GMT" name="user-mike" finished-at="2023-12-08T02:13:36 GMT" duration-ms="38628">
      <class name="com.vinsguru.tests.vendorportal.VendorPortalTest">
        <test-method is-config="true" signature="setDriver(org.testng.ITestContext)[pri:0, instance:com.vinsguru.tests.vendorportal.VendorPortalTest@df6620a]" started-at="2023-12-08T02:12:57 GMT" name="setDriver" finished-at="2023-12-08T02:13:04 GMT" duration-ms="6259" status="PASS">
          <params>
            <param index="0">
              <value>
                <![CDATA[org.testng.TestRunner@2421cc4]]>
              </value>
            </param>
          </params>
          <reporter-output>
          </reporter-output>
        </test-method> <!-- setDriver -->
        <test-method is-config="true" signature="setPageObj(java.lang.String)[pri:0, instance:com.vinsguru.tests.vendorportal.VendorPortalTest@df6620a]" started-at="2023-12-08T02:13:04 GMT" name="setPageObj" finished-at="2023-12-08T02:13:04 GMT" depends-on-methods="com.vinsguru.tests.AbstractTest.setDriver" duration-ms="844" status="PASS">
          <params>
            <param index="0">
              <value>
                <![CDATA[test-data/vendor-portal/mike.json]]>
              </value>
            </param>
          </params>
          <reporter-output>
          </reporter-output>
        </test-method> <!-- setPageObj -->
        <test-method signature="loginTest()[pri:0, instance:com.vinsguru.tests.vendorportal.VendorPortalTest@df6620a]" started-at="2023-12-08T02:13:05 GMT" name="loginTest" finished-at="2023-12-08T02:13:12 GMT" duration-ms="7077" status="PASS">
          <reporter-output>
          </reporter-output>
        </test-method> <!-- loginTest -->
        <test-method signature="dashboardTest()[pri:0, instance:com.vinsguru.tests.vendorportal.VendorPortalTest@df6620a]" started-at="2023-12-08T02:13:12 GMT" name="dashboardTest" finished-at="2023-12-08T02:13:21 GMT" depends-on-methods="com.vinsguru.tests.vendorportal.VendorPortalTest.loginTest" duration-ms="9163" status="PASS">
          <reporter-output>
          </reporter-output>
        </test-method> <!-- dashboardTest -->
        <test-method signature="logoutTest()[pri:0, instance:com.vinsguru.tests.vendorportal.VendorPortalTest@df6620a]" started-at="2023-12-08T02:13:21 GMT" name="logoutTest" finished-at="2023-12-08T02:13:24 GMT" depends-on-methods="com.vinsguru.tests.vendorportal.VendorPortalTest.dashboardTest" duration-ms="3408" status="PASS">
          <reporter-output>
          </reporter-output>
        </test-method> <!-- logoutTest -->
        <test-method is-config="true" signature="quitDriver()[pri:0, instance:com.vinsguru.tests.vendorportal.VendorPortalTest@df6620a]" started-at="2023-12-08T02:13:24 GMT" name="quitDriver" finished-at="2023-12-08T02:13:36 GMT" duration-ms="11822" status="PASS">
          <reporter-output>
          </reporter-output>
        </test-method> <!-- quitDriver -->
      </class> <!-- com.vinsguru.tests.vendorportal.VendorPortalTest -->
    </test> <!-- user-mike -->
    <test started-at="2023-12-08T02:12:57 GMT" name="user-john" finished-at="2023-12-08T02:13:36 GMT" duration-ms="38820">
      <class name="com.vinsguru.tests.vendorportal.VendorPortalTest">
        <test-method is-config="true" signature="setupConfig()[pri:0, instance:com.vinsguru.tests.vendorportal.VendorPortalTest@1a72a540]" started-at="2023-12-08T02:12:57 GMT" name="setupConfig" finished-at="2023-12-08T02:12:57 GMT" duration-ms="23" status="PASS">
          <reporter-output>
          </reporter-output>
        </test-method> <!-- setupConfig -->
        <test-method is-config="true" signature="setDriver(org.testng.ITestContext)[pri:0, instance:com.vinsguru.tests.vendorportal.VendorPortalTest@1a72a540]" started-at="2023-12-08T02:12:57 GMT" name="setDriver" finished-at="2023-12-08T02:13:04 GMT" duration-ms="6265" status="PASS">
          <params>
            <param index="0">
              <value>
                <![CDATA[org.testng.TestRunner@68702e03]]>
              </value>
            </param>
          </params>
          <reporter-output>
          </reporter-output>
        </test-method> <!-- setDriver -->
        <test-method is-config="true" signature="setPageObj(java.lang.String)[pri:0, instance:com.vinsguru.tests.vendorportal.VendorPortalTest@1a72a540]" started-at="2023-12-08T02:13:04 GMT" name="setPageObj" finished-at="2023-12-08T02:13:04 GMT" depends-on-methods="com.vinsguru.tests.AbstractTest.setDriver" duration-ms="842" status="PASS">
          <params>
            <param index="0">
              <value>
                <![CDATA[test-data/vendor-portal/john.json]]>
              </value>
            </param>
          </params>
          <reporter-output>
          </reporter-output>
        </test-method> <!-- setPageObj -->
        <test-method signature="loginTest()[pri:0, instance:com.vinsguru.tests.vendorportal.VendorPortalTest@1a72a540]" started-at="2023-12-08T02:13:05 GMT" name="loginTest" finished-at="2023-12-08T02:13:12 GMT" duration-ms="7415" status="PASS">
          <reporter-output>
          </reporter-output>
        </test-method> <!-- loginTest -->
        <test-method signature="dashboardTest()[pri:0, instance:com.vinsguru.tests.vendorportal.VendorPortalTest@1a72a540]" started-at="2023-12-08T02:13:12 GMT" name="dashboardTest" finished-at="2023-12-08T02:13:20 GMT" depends-on-methods="com.vinsguru.tests.vendorportal.VendorPortalTest.loginTest" duration-ms="8228" status="PASS">
          <reporter-output>
          </reporter-output>
        </test-method> <!-- dashboardTest -->
        <test-method signature="logoutTest()[pri:0, instance:com.vinsguru.tests.vendorportal.VendorPortalTest@1a72a540]" started-at="2023-12-08T02:13:20 GMT" name="logoutTest" finished-at="2023-12-08T02:13:23 GMT" depends-on-methods="com.vinsguru.tests.vendorportal.VendorPortalTest.dashboardTest" duration-ms="2974" status="PASS">
          <reporter-output>
          </reporter-output>
        </test-method> <!-- logoutTest -->
        <test-method is-config="true" signature="quitDriver()[pri:0, instance:com.vinsguru.tests.vendorportal.VendorPortalTest@1a72a540]" started-at="2023-12-08T02:13:23 GMT" name="quitDriver" finished-at="2023-12-08T02:13:36 GMT" duration-ms="13046" status="PASS">
          <reporter-output>
          </reporter-output>
        </test-method> <!-- quitDriver -->
      </class> <!-- com.vinsguru.tests.vendorportal.VendorPortalTest -->
    </test> <!-- user-john -->
    <test started-at="2023-12-08T02:12:57 GMT" name="user-sam" finished-at="2023-12-08T02:13:36 GMT" duration-ms="39067">
      <class name="com.vinsguru.tests.vendorportal.VendorPortalTest">
        <test-method is-config="true" signature="setDriver(org.testng.ITestContext)[pri:0, instance:com.vinsguru.tests.vendorportal.VendorPortalTest@59d4cd39]" started-at="2023-12-08T02:12:57 GMT" name="setDriver" finished-at="2023-12-08T02:13:04 GMT" duration-ms="6275" status="PASS">
          <params>
            <param index="0">
              <value>
                <![CDATA[org.testng.TestRunner@7a220c9a]]>
              </value>
            </param>
          </params>
          <reporter-output>
          </reporter-output>
        </test-method> <!-- setDriver -->
        <test-method is-config="true" signature="setPageObj(java.lang.String)[pri:0, instance:com.vinsguru.tests.vendorportal.VendorPortalTest@59d4cd39]" started-at="2023-12-08T02:13:04 GMT" name="setPageObj" finished-at="2023-12-08T02:13:04 GMT" depends-on-methods="com.vinsguru.tests.AbstractTest.setDriver" duration-ms="830" status="PASS">
          <params>
            <param index="0">
              <value>
                <![CDATA[test-data/vendor-portal/sam.json]]>
              </value>
            </param>
          </params>
          <reporter-output>
          </reporter-output>
        </test-method> <!-- setPageObj -->
        <test-method signature="loginTest()[pri:0, instance:com.vinsguru.tests.vendorportal.VendorPortalTest@59d4cd39]" started-at="2023-12-08T02:13:05 GMT" name="loginTest" finished-at="2023-12-08T02:13:11 GMT" duration-ms="6743" status="PASS">
          <reporter-output>
          </reporter-output>
        </test-method> <!-- loginTest -->
        <test-method signature="dashboardTest()[pri:0, instance:com.vinsguru.tests.vendorportal.VendorPortalTest@59d4cd39]" started-at="2023-12-08T02:13:11 GMT" name="dashboardTest" finished-at="2023-12-08T02:13:20 GMT" depends-on-methods="com.vinsguru.tests.vendorportal.VendorPortalTest.loginTest" duration-ms="9158" status="PASS">
          <reporter-output>
          </reporter-output>
        </test-method> <!-- dashboardTest -->
        <test-method signature="logoutTest()[pri:0, instance:com.vinsguru.tests.vendorportal.VendorPortalTest@59d4cd39]" started-at="2023-12-08T02:13:20 GMT" name="logoutTest" finished-at="2023-12-08T02:13:36 GMT" depends-on-methods="com.vinsguru.tests.vendorportal.VendorPortalTest.dashboardTest" duration-ms="15599" status="PASS">
          <reporter-output>
          </reporter-output>
        </test-method> <!-- logoutTest -->
        <test-method is-config="true" signature="quitDriver()[pri:0, instance:com.vinsguru.tests.vendorportal.VendorPortalTest@59d4cd39]" started-at="2023-12-08T02:13:36 GMT" name="quitDriver" finished-at="2023-12-08T02:13:36 GMT" duration-ms="359" status="PASS">
          <reporter-output>
          </reporter-output>
        </test-method> <!-- quitDriver -->
      </class> <!-- com.vinsguru.tests.vendorportal.VendorPortalTest -->
    </test> <!-- user-sam -->
  </suite> <!-- vendor-portal -->
</testng-results>
