<?xml version="1.0" encoding="UTF-8"?>
<testng-results ignored="0" total="20" passed="20" failed="0" skipped="0">
  <reporter-output>
  </reporter-output>
  <suite started-at="2023-12-08T02:12:58 GMT" name="flight-reservation" finished-at="2023-12-08T02:14:06 GMT" duration-ms="68131">
    <groups>
    </groups>
    <test started-at="2023-12-08T02:12:58 GMT" name="passengers-count-3" finished-at="2023-12-08T02:14:04 GMT" duration-ms="65807">
      <class name="com.vinsguru.tests.flightreservation.FlightReservationTest">
        <test-method is-config="true" signature="setDriver(org.testng.ITestContext)[pri:0, instance:com.vinsguru.tests.flightreservation.FlightReservationTest@198d6542]" started-at="2023-12-08T02:12:58 GMT" name="setDriver" finished-at="2023-12-08T02:13:25 GMT" duration-ms="27182" status="PASS">
          <params>
            <param index="0">
              <value>
                <![CDATA[org.testng.TestRunner@172b013]]>
              </value>
            </param>
          </params>
          <reporter-output>
          </reporter-output>
        </test-method> <!-- setDriver -->
        <test-method is-config="true" signature="setPageObj(java.lang.String)[pri:0, instance:com.vinsguru.tests.flightreservation.FlightReservationTest@198d6542]" started-at="2023-12-08T02:13:25 GMT" name="setPageObj" finished-at="2023-12-08T02:13:25 GMT" depends-on-methods="com.vinsguru.tests.AbstractTest.setDriver" duration-ms="10" status="PASS">
          <params>
            <param index="0">
              <value>
                <![CDATA[test-data/flight-reservation/passenger-3.json]]>
              </value>
            </param>
          </params>
          <reporter-output>
          </reporter-output>
        </test-method> <!-- setPageObj -->
        <test-method signature="userRegTest()[pri:0, instance:com.vinsguru.tests.flightreservation.FlightReservationTest@198d6542]" started-at="2023-12-08T02:13:25 GMT" name="userRegTest" finished-at="2023-12-08T02:13:46 GMT" duration-ms="20997" status="PASS">
          <reporter-output>
          </reporter-output>
        </test-method> <!-- userRegTest -->
        <test-method signature="regConfirmTest()[pri:0, instance:com.vinsguru.tests.flightreservation.FlightReservationTest@198d6542]" started-at="2023-12-08T02:13:46 GMT" name="regConfirmTest" finished-at="2023-12-08T02:13:48 GMT" depends-on-methods="com.vinsguru.tests.flightreservation.FlightReservationTest.userRegTest" duration-ms="2349" status="PASS">
          <reporter-output>
          </reporter-output>
        </test-method> <!-- regConfirmTest -->
        <test-method signature="flightsSearchTest()[pri:0, instance:com.vinsguru.tests.flightreservation.FlightReservationTest@198d6542]" started-at="2023-12-08T02:13:48 GMT" name="flightsSearchTest" finished-at="2023-12-08T02:13:51 GMT" depends-on-methods="com.vinsguru.tests.flightreservation.FlightReservationTest.regConfirmTest" duration-ms="2960" status="PASS">
          <reporter-output>
          </reporter-output>
        </test-method> <!-- flightsSearchTest -->
        <test-method signature="flightsSelTest()[pri:0, instance:com.vinsguru.tests.flightreservation.FlightReservationTest@198d6542]" started-at="2023-12-08T02:13:51 GMT" name="flightsSelTest" finished-at="2023-12-08T02:13:54 GMT" depends-on-methods="com.vinsguru.tests.flightreservation.FlightReservationTest.flightsSearchTest" duration-ms="2338" status="PASS">
          <reporter-output>
          </reporter-output>
        </test-method> <!-- flightsSelTest -->
        <test-method signature="flightsConfTest()[pri:0, instance:com.vinsguru.tests.flightreservation.FlightReservationTest@198d6542]" started-at="2023-12-08T02:13:54 GMT" name="flightsConfTest" finished-at="2023-12-08T02:13:56 GMT" depends-on-methods="com.vinsguru.tests.flightreservation.FlightReservationTest.flightsSelTest" duration-ms="2177" status="PASS">
          <reporter-output>
          </reporter-output>
        </test-method> <!-- flightsConfTest -->
        <test-method is-config="true" signature="quitDriver()[pri:0, instance:com.vinsguru.tests.flightreservation.FlightReservationTest@198d6542]" started-at="2023-12-08T02:13:56 GMT" name="quitDriver" finished-at="2023-12-08T02:14:04 GMT" duration-ms="7752" status="PASS">
          <reporter-output>
          </reporter-output>
        </test-method> <!-- quitDriver -->
      </class> <!-- com.vinsguru.tests.flightreservation.FlightReservationTest -->
    </test> <!-- passengers-count-3 -->
    <test started-at="2023-12-08T02:12:58 GMT" name="passengers-count-2" finished-at="2023-12-08T02:14:04 GMT" duration-ms="66033">
      <class name="com.vinsguru.tests.flightreservation.FlightReservationTest">
        <test-method is-config="true" signature="setDriver(org.testng.ITestContext)[pri:0, instance:com.vinsguru.tests.flightreservation.FlightReservationTest@1a72a540]" started-at="2023-12-08T02:12:58 GMT" name="setDriver" finished-at="2023-12-08T02:13:23 GMT" duration-ms="25601" status="PASS">
          <params>
            <param index="0">
              <value>
                <![CDATA[org.testng.TestRunner@58ce9668]]>
              </value>
            </param>
          </params>
          <reporter-output>
          </reporter-output>
        </test-method> <!-- setDriver -->
        <test-method is-config="true" signature="setPageObj(java.lang.String)[pri:0, instance:com.vinsguru.tests.flightreservation.FlightReservationTest@1a72a540]" started-at="2023-12-08T02:13:23 GMT" name="setPageObj" finished-at="2023-12-08T02:13:24 GMT" depends-on-methods="com.vinsguru.tests.AbstractTest.setDriver" duration-ms="1118" status="PASS">
          <params>
            <param index="0">
              <value>
                <![CDATA[test-data/flight-reservation/passenger-2.json]]>
              </value>
            </param>
          </params>
          <reporter-output>
          </reporter-output>
        </test-method> <!-- setPageObj -->
        <test-method signature="userRegTest()[pri:0, instance:com.vinsguru.tests.flightreservation.FlightReservationTest@1a72a540]" started-at="2023-12-08T02:13:25 GMT" name="userRegTest" finished-at="2023-12-08T02:13:46 GMT" duration-ms="21337" status="PASS">
          <reporter-output>
          </reporter-output>
        </test-method> <!-- userRegTest -->
        <test-method signature="regConfirmTest()[pri:0, instance:com.vinsguru.tests.flightreservation.FlightReservationTest@1a72a540]" started-at="2023-12-08T02:13:46 GMT" name="regConfirmTest" finished-at="2023-12-08T02:13:46 GMT" depends-on-methods="com.vinsguru.tests.flightreservation.FlightReservationTest.userRegTest" duration-ms="390" status="PASS">
          <reporter-output>
          </reporter-output>
        </test-method> <!-- regConfirmTest -->
        <test-method signature="flightsSearchTest()[pri:0, instance:com.vinsguru.tests.flightreservation.FlightReservationTest@1a72a540]" started-at="2023-12-08T02:13:46 GMT" name="flightsSearchTest" finished-at="2023-12-08T02:13:51 GMT" depends-on-methods="com.vinsguru.tests.flightreservation.FlightReservationTest.regConfirmTest" duration-ms="4386" status="PASS">
          <reporter-output>
          </reporter-output>
        </test-method> <!-- flightsSearchTest -->
        <test-method signature="flightsSelTest()[pri:0, instance:com.vinsguru.tests.flightreservation.FlightReservationTest@1a72a540]" started-at="2023-12-08T02:13:51 GMT" name="flightsSelTest" finished-at="2023-12-08T02:13:54 GMT" depends-on-methods="com.vinsguru.tests.flightreservation.FlightReservationTest.flightsSearchTest" duration-ms="2859" status="PASS">
          <reporter-output>
          </reporter-output>
        </test-method> <!-- flightsSelTest -->
        <test-method signature="flightsConfTest()[pri:0, instance:com.vinsguru.tests.flightreservation.FlightReservationTest@1a72a540]" started-at="2023-12-08T02:13:54 GMT" name="flightsConfTest" finished-at="2023-12-08T02:13:56 GMT" depends-on-methods="com.vinsguru.tests.flightreservation.FlightReservationTest.flightsSelTest" duration-ms="2170" status="PASS">
          <reporter-output>
          </reporter-output>
        </test-method> <!-- flightsConfTest -->
        <test-method is-config="true" signature="quitDriver()[pri:0, instance:com.vinsguru.tests.flightreservation.FlightReservationTest@1a72a540]" started-at="2023-12-08T02:13:56 GMT" name="quitDriver" finished-at="2023-12-08T02:14:04 GMT" duration-ms="7998" status="PASS">
          <reporter-output>
          </reporter-output>
        </test-method> <!-- quitDriver -->
      </class> <!-- com.vinsguru.tests.flightreservation.FlightReservationTest -->
    </test> <!-- passengers-count-2 -->
    <test started-at="2023-12-08T02:12:58 GMT" name="passengers-count-4" finished-at="2023-12-08T02:14:04 GMT" duration-ms="66043">
      <class name="com.vinsguru.tests.flightreservation.FlightReservationTest">
        <test-method is-config="true" signature="setupConfig()[pri:0, instance:com.vinsguru.tests.flightreservation.FlightReservationTest@5be49b60]" started-at="2023-12-08T02:12:58 GMT" name="setupConfig" finished-at="2023-12-08T02:12:58 GMT" duration-ms="44" status="PASS">
          <reporter-output>
          </reporter-output>
        </test-method> <!-- setupConfig -->
        <test-method is-config="true" signature="setDriver(org.testng.ITestContext)[pri:0, instance:com.vinsguru.tests.flightreservation.FlightReservationTest@5be49b60]" started-at="2023-12-08T02:12:58 GMT" name="setDriver" finished-at="2023-12-08T02:13:23 GMT" duration-ms="25595" status="PASS">
          <params>
            <param index="0">
              <value>
                <![CDATA[org.testng.TestRunner@2796aeae]]>
              </value>
            </param>
          </params>
          <reporter-output>
          </reporter-output>
        </test-method> <!-- setDriver -->
        <test-method is-config="true" signature="setPageObj(java.lang.String)[pri:0, instance:com.vinsguru.tests.flightreservation.FlightReservationTest@5be49b60]" started-at="2023-12-08T02:13:23 GMT" name="setPageObj" finished-at="2023-12-08T02:13:24 GMT" depends-on-methods="com.vinsguru.tests.AbstractTest.setDriver" duration-ms="1116" status="PASS">
          <params>
            <param index="0">
              <value>
                <![CDATA[test-data/flight-reservation/passenger-4.json]]>
              </value>
            </param>
          </params>
          <reporter-output>
          </reporter-output>
        </test-method> <!-- setPageObj -->
        <test-method signature="userRegTest()[pri:0, instance:com.vinsguru.tests.flightreservation.FlightReservationTest@5be49b60]" started-at="2023-12-08T02:13:25 GMT" name="userRegTest" finished-at="2023-12-08T02:13:46 GMT" duration-ms="21313" status="PASS">
          <reporter-output>
          </reporter-output>
        </test-method> <!-- userRegTest -->
        <test-method signature="regConfirmTest()[pri:0, instance:com.vinsguru.tests.flightreservation.FlightReservationTest@5be49b60]" started-at="2023-12-08T02:13:46 GMT" name="regConfirmTest" finished-at="2023-12-08T02:13:47 GMT" depends-on-methods="com.vinsguru.tests.flightreservation.FlightReservationTest.userRegTest" duration-ms="898" status="PASS">
          <reporter-output>
          </reporter-output>
        </test-method> <!-- regConfirmTest -->
        <test-method signature="flightsSearchTest()[pri:0, instance:com.vinsguru.tests.flightreservation.FlightReservationTest@5be49b60]" started-at="2023-12-08T02:13:47 GMT" name="flightsSearchTest" finished-at="2023-12-08T02:13:51 GMT" depends-on-methods="com.vinsguru.tests.flightreservation.FlightReservationTest.regConfirmTest" duration-ms="3827" status="PASS">
          <reporter-output>
          </reporter-output>
        </test-method> <!-- flightsSearchTest -->
        <test-method signature="flightsSelTest()[pri:0, instance:com.vinsguru.tests.flightreservation.FlightReservationTest@5be49b60]" started-at="2023-12-08T02:13:51 GMT" name="flightsSelTest" finished-at="2023-12-08T02:13:54 GMT" depends-on-methods="com.vinsguru.tests.flightreservation.FlightReservationTest.flightsSearchTest" duration-ms="2880" status="PASS">
          <reporter-output>
          </reporter-output>
        </test-method> <!-- flightsSelTest -->
        <test-method signature="flightsConfTest()[pri:0, instance:com.vinsguru.tests.flightreservation.FlightReservationTest@5be49b60]" started-at="2023-12-08T02:13:54 GMT" name="flightsConfTest" finished-at="2023-12-08T02:13:56 GMT" depends-on-methods="com.vinsguru.tests.flightreservation.FlightReservationTest.flightsSelTest" duration-ms="2065" status="PASS">
          <reporter-output>
          </reporter-output>
        </test-method> <!-- flightsConfTest -->
        <test-method is-config="true" signature="quitDriver()[pri:0, instance:com.vinsguru.tests.flightreservation.FlightReservationTest@5be49b60]" started-at="2023-12-08T02:13:56 GMT" name="quitDriver" finished-at="2023-12-08T02:14:04 GMT" duration-ms="8150" status="PASS">
          <reporter-output>
          </reporter-output>
        </test-method> <!-- quitDriver -->
      </class> <!-- com.vinsguru.tests.flightreservation.FlightReservationTest -->
    </test> <!-- passengers-count-4 -->
    <test started-at="2023-12-08T02:12:58 GMT" name="passengers-count-1" finished-at="2023-12-08T02:14:06 GMT" duration-ms="68131">
      <class name="com.vinsguru.tests.flightreservation.FlightReservationTest">
        <test-method is-config="true" signature="setDriver(org.testng.ITestContext)[pri:0, instance:com.vinsguru.tests.flightreservation.FlightReservationTest@3fc79729]" started-at="2023-12-08T02:12:58 GMT" name="setDriver" finished-at="2023-12-08T02:13:39 GMT" duration-ms="41239" status="PASS">
          <params>
            <param index="0">
              <value>
                <![CDATA[org.testng.TestRunner@56673b2c]]>
              </value>
            </param>
          </params>
          <reporter-output>
          </reporter-output>
        </test-method> <!-- setDriver -->
        <test-method is-config="true" signature="setPageObj(java.lang.String)[pri:0, instance:com.vinsguru.tests.flightreservation.FlightReservationTest@3fc79729]" started-at="2023-12-08T02:13:39 GMT" name="setPageObj" finished-at="2023-12-08T02:13:39 GMT" depends-on-methods="com.vinsguru.tests.AbstractTest.setDriver" duration-ms="3" status="PASS">
          <params>
            <param index="0">
              <value>
                <![CDATA[test-data/flight-reservation/passenger-1.json]]>
              </value>
            </param>
          </params>
          <reporter-output>
          </reporter-output>
        </test-method> <!-- setPageObj -->
        <test-method signature="userRegTest()[pri:0, instance:com.vinsguru.tests.flightreservation.FlightReservationTest@3fc79729]" started-at="2023-12-08T02:13:39 GMT" name="userRegTest" finished-at="2023-12-08T02:13:53 GMT" duration-ms="13646" status="PASS">
          <reporter-output>
          </reporter-output>
        </test-method> <!-- userRegTest -->
        <test-method signature="regConfirmTest()[pri:0, instance:com.vinsguru.tests.flightreservation.FlightReservationTest@3fc79729]" started-at="2023-12-08T02:13:53 GMT" name="regConfirmTest" finished-at="2023-12-08T02:13:55 GMT" depends-on-methods="com.vinsguru.tests.flightreservation.FlightReservationTest.userRegTest" duration-ms="2061" status="PASS">
          <reporter-output>
          </reporter-output>
        </test-method> <!-- regConfirmTest -->
        <test-method signature="flightsSearchTest()[pri:0, instance:com.vinsguru.tests.flightreservation.FlightReservationTest@3fc79729]" started-at="2023-12-08T02:13:55 GMT" name="flightsSearchTest" finished-at="2023-12-08T02:13:56 GMT" depends-on-methods="com.vinsguru.tests.flightreservation.FlightReservationTest.regConfirmTest" duration-ms="1372" status="PASS">
          <reporter-output>
          </reporter-output>
        </test-method> <!-- flightsSearchTest -->
        <test-method signature="flightsSelTest()[pri:0, instance:com.vinsguru.tests.flightreservation.FlightReservationTest@3fc79729]" started-at="2023-12-08T02:13:56 GMT" name="flightsSelTest" finished-at="2023-12-08T02:13:58 GMT" depends-on-methods="com.vinsguru.tests.flightreservation.FlightReservationTest.flightsSearchTest" duration-ms="1997" status="PASS">
          <reporter-output>
          </reporter-output>
        </test-method> <!-- flightsSelTest -->
        <test-method signature="flightsConfTest()[pri:0, instance:com.vinsguru.tests.flightreservation.FlightReservationTest@3fc79729]" started-at="2023-12-08T02:13:58 GMT" name="flightsConfTest" finished-at="2023-12-08T02:13:59 GMT" depends-on-methods="com.vinsguru.tests.flightreservation.FlightReservationTest.flightsSelTest" duration-ms="762" status="PASS">
          <reporter-output>
          </reporter-output>
        </test-method> <!-- flightsConfTest -->
        <test-method is-config="true" signature="quitDriver()[pri:0, instance:com.vinsguru.tests.flightreservation.FlightReservationTest@3fc79729]" started-at="2023-12-08T02:13:59 GMT" name="quitDriver" finished-at="2023-12-08T02:14:06 GMT" duration-ms="7006" status="PASS">
          <reporter-output>
          </reporter-output>
        </test-method> <!-- quitDriver -->
      </class> <!-- com.vinsguru.tests.flightreservation.FlightReservationTest -->
    </test> <!-- passengers-count-1 -->
  </suite> <!-- flight-reservation -->
</testng-results>
